<?xml version="1.0" encoding="UTF-8"?>
<!-- Generated by org.testng.reporters.JUnitReportReporter -->
<testsuite skipped="1" hostname="chinu" name="saucedemo.testcases.LoginTestCases" tests="2" failures="0" timestamp="2023-06-16T13:48:41 IST" time="14.069" errors="0">
  <testcase name="unsuccessfulLoginForOtherData" time="14.069" classname="saucedemo.testcases.LoginTestCases"/>
  <system-out/>
  <testcase name="successfulLoginForSpecifiedData" classname="saucedemo.testcases.LoginTestCases">
    <skipped/>
  </testcase> <!-- successfulLoginForSpecifiedData -->
  <system-out/>
</testsuite> <!-- saucedemo.testcases.LoginTestCases -->
